<?xml version="1.0" encoding="UTF-8"?>
<!-- Generated by org.testng.reporters.JUnitXMLReporter -->
<testsuite hostname="DESKTOP-TBB3A0B" ignored="0" name="Default test" tests="3" failures="0" timestamp="2020-07-15T22:53:17 CEST" time="7.505" errors="0">
  <testcase name="textboxEmptyAndMessage" time="0.133" classname="test.SauceDemoLoginTest"/>
  <testcase name="usernameBoxEmptyAndMessage" time="0.214" classname="test.SauceDemoLoginTest"/>
  <testcase name="passwordBoxEmptyAndMessage" time="0.199" classname="test.SauceDemoLoginTest"/>
</testsuite> <!-- Default test -->
