<?xml version="1.0" encoding="UTF-8"?>
<!-- Generated by org.testng.reporters.JUnitXMLReporter -->
<testsuite hostname="DESKTOP-TBB3A0B" ignored="0" name="Default test" tests="3" failures="0" timestamp="2020-07-20T01:01:01 CEST" time="8.573" errors="0">
  <testcase name="textboxEmptyAndMessage" time="0.123" classname="test.SauceDemoLoginTest"/>
  <testcase name="usernameBoxEmptyAndMessage" time="0.195" classname="test.SauceDemoLoginTest"/>
  <testcase name="passwordBoxEmptyAndMessage" time="0.191" classname="test.SauceDemoLoginTest"/>
</testsuite> <!-- Default test -->
