<?xml version="1.0" encoding="UTF-8"?>
<testng-results skipped="0" failed="0" ignored="0" total="3" passed="3">
  <reporter-output>
  </reporter-output>
  <suite name="Default suite" duration-ms="7505" started-at="2020-07-15T22:53:10 CEST" finished-at="2020-07-15T22:53:17 CEST">
    <groups>
    </groups>
    <test name="Default test" duration-ms="7505" started-at="2020-07-15T22:53:10 CEST" finished-at="2020-07-15T22:53:17 CEST">
      <class name="test.SauceDemoLoginTest">
        <test-method status="PASS" signature="SauceDemoLogin()[pri:0, instance:test.SauceDemoLoginTest@6737fd8f]" name="SauceDemoLogin" is-config="true" duration-ms="6116" started-at="2020-07-15T22:53:10 CEST" finished-at="2020-07-15T22:53:16 CEST">
          <reporter-output>
          </reporter-output>
        </test-method> <!-- SauceDemoLogin -->
        <test-method status="PASS" signature="textboxEmptyAndMessage()[pri:1, instance:test.SauceDemoLoginTest@6737fd8f]" name="textboxEmptyAndMessage" duration-ms="133" started-at="2020-07-15T22:53:16 CEST" finished-at="2020-07-15T22:53:16 CEST">
          <reporter-output>
          </reporter-output>
        </test-method> <!-- textboxEmptyAndMessage -->
        <test-method status="PASS" signature="stayOnLoginPage()[pri:0, instance:test.SauceDemoLoginTest@6737fd8f]" name="stayOnLoginPage" is-config="true" duration-ms="49" started-at="2020-07-15T22:53:16 CEST" finished-at="2020-07-15T22:53:16 CEST">
          <reporter-output>
          </reporter-output>
        </test-method> <!-- stayOnLoginPage -->
        <test-method status="PASS" signature="usernameBoxEmptyAndMessage()[pri:2, instance:test.SauceDemoLoginTest@6737fd8f]" name="usernameBoxEmptyAndMessage" duration-ms="214" started-at="2020-07-15T22:53:16 CEST" finished-at="2020-07-15T22:53:16 CEST">
          <reporter-output>
          </reporter-output>
        </test-method> <!-- usernameBoxEmptyAndMessage -->
        <test-method status="PASS" signature="stayOnLoginPage()[pri:0, instance:test.SauceDemoLoginTest@6737fd8f]" name="stayOnLoginPage" is-config="true" duration-ms="36" started-at="2020-07-15T22:53:16 CEST" finished-at="2020-07-15T22:53:16 CEST">
          <reporter-output>
          </reporter-output>
        </test-method> <!-- stayOnLoginPage -->
        <test-method status="PASS" signature="passwordBoxEmptyAndMessage()[pri:3, instance:test.SauceDemoLoginTest@6737fd8f]" name="passwordBoxEmptyAndMessage" duration-ms="199" started-at="2020-07-15T22:53:16 CEST" finished-at="2020-07-15T22:53:17 CEST">
          <reporter-output>
          </reporter-output>
        </test-method> <!-- passwordBoxEmptyAndMessage -->
        <test-method status="PASS" signature="stayOnLoginPage()[pri:0, instance:test.SauceDemoLoginTest@6737fd8f]" name="stayOnLoginPage" is-config="true" duration-ms="42" started-at="2020-07-15T22:53:17 CEST" finished-at="2020-07-15T22:53:17 CEST">
          <reporter-output>
          </reporter-output>
        </test-method> <!-- stayOnLoginPage -->
        <test-method status="PASS" signature="tearDown()[pri:0, instance:test.SauceDemoLoginTest@6737fd8f]" name="tearDown" is-config="true" duration-ms="668" started-at="2020-07-15T22:53:17 CEST" finished-at="2020-07-15T22:53:17 CEST">
          <reporter-output>
          </reporter-output>
        </test-method> <!-- tearDown -->
      </class> <!-- test.SauceDemoLoginTest -->
    </test> <!-- Default test -->
  </suite> <!-- Default suite -->
</testng-results>
